<?xml version="1.0" encoding="UTF-8"?>
<!-- Generated by org.testng.reporters.JUnitReportReporter -->
<testsuite hostname="47ae448f0a32" failures="0" tests="20" name="com.pvaddoc.tests.flightreservation.FlightReservationTest" time="101.885" errors="0" timestamp="2024-02-23T03:22:35 GMT" skipped="0">
  <testcase classname="com.pvaddoc.tests.flightreservation.FlightReservationTest" name="registrationConfirmationTest" time="4.037"/>
  <testcase classname="com.pvaddoc.tests.flightreservation.FlightReservationTest" name="flightsSearchTest" time="3.872"/>
  <testcase classname="com.pvaddoc.tests.flightreservation.FlightReservationTest" name="flightReservationConfirmationTest" time="4.857"/>
  <testcase classname="com.pvaddoc.tests.flightreservation.FlightReservationTest" name="flightsSearchTest" time="4.664"/>
  <testcase classname="com.pvaddoc.tests.flightreservation.FlightReservationTest" name="flightReservationConfirmationTest" time="3.530"/>
  <testcase classname="com.pvaddoc.tests.flightreservation.FlightReservationTest" name="userRegistrationTest" time="7.898"/>
  <testcase classname="com.pvaddoc.tests.flightreservation.FlightReservationTest" name="registrationConfirmationTest" time="4.248"/>
  <testcase classname="com.pvaddoc.tests.flightreservation.FlightReservationTest" name="flightsSearchTest" time="3.959"/>
  <testcase classname="com.pvaddoc.tests.flightreservation.FlightReservationTest" name="registrationConfirmationTest" time="4.060"/>
  <testcase classname="com.pvaddoc.tests.flightreservation.FlightReservationTest" name="registrationConfirmationTest" time="3.680"/>
  <testcase classname="com.pvaddoc.tests.flightreservation.FlightReservationTest" name="flightReservationConfirmationTest" time="2.750"/>
  <testcase classname="com.pvaddoc.tests.flightreservation.FlightReservationTest" name="flightSelectionTest" time="6.743"/>
  <testcase classname="com.pvaddoc.tests.flightreservation.FlightReservationTest" name="flightSelectionTest" time="5.515"/>
  <testcase classname="com.pvaddoc.tests.flightreservation.FlightReservationTest" name="flightReservationConfirmationTest" time="4.677"/>
  <testcase classname="com.pvaddoc.tests.flightreservation.FlightReservationTest" name="flightSelectionTest" time="1.867"/>
  <testcase classname="com.pvaddoc.tests.flightreservation.FlightReservationTest" name="userRegistrationTest" time="7.997"/>
  <testcase classname="com.pvaddoc.tests.flightreservation.FlightReservationTest" name="userRegistrationTest" time="7.971"/>
  <testcase classname="com.pvaddoc.tests.flightreservation.FlightReservationTest" name="flightsSearchTest" time="4.258"/>
  <testcase classname="com.pvaddoc.tests.flightreservation.FlightReservationTest" name="userRegistrationTest" time="8.138"/>
  <testcase classname="com.pvaddoc.tests.flightreservation.FlightReservationTest" name="flightSelectionTest" time="7.164"/>
</testsuite> <!-- com.pvaddoc.tests.flightreservation.FlightReservationTest -->
